0 info it worked if it ends with ok
1 verbose cli [ '/usr/local/bin/node', '/usr/local/bin/npm', 'run', 'webpack' ]
2 info using npm@4.0.5
3 info using node@v7.4.0
4 verbose run-script [ 'prewebpack', 'webpack', 'postwebpack' ]
5 info lifecycle hax@1.0.0~prewebpack: hax@1.0.0
6 silly lifecycle hax@1.0.0~prewebpack: no script for prewebpack, continuing
7 info lifecycle hax@1.0.0~webpack: hax@1.0.0
8 verbose lifecycle hax@1.0.0~webpack: unsafe-perm in lifecycle true
9 verbose lifecycle hax@1.0.0~webpack: PATH: /usr/local/lib/node_modules/npm/bin/node-gyp-bin:/Users/jordanpina/codesmith/scratch-project/Hax/node_modules/.bin:/Users/jordanpina/.rvm/gems/ruby-2.2.4/bin:/Users/jordanpina/.rvm/gems/ruby-2.2.4@global/bin:/Users/jordanpina/.rvm/rubies/ruby-2.2.4/bin:/Users/jordanpina/.rbenv/shims:/Users/jordanpina/.rbenv/shims:/Users/jordanpina/.rbenv/shims:/Users/jordanpina/.rbenv/shims:/Users/jordanpina/.rbenv/shims:/Users/jordanpina/.rbenv/shims:/Users/jordanpina/.rbenv/shims:/Library/Frameworks/Python.framework/Versions/3.4/bin:/usr/local/bin:/usr/bin:/bin:/usr/sbin:/sbin:/opt/ImageMagick/bin:/Users/jordanpina/.rvm/bin
10 verbose lifecycle hax@1.0.0~webpack: CWD: /Users/jordanpina/codesmith/scratch-project/Hax
11 silly lifecycle hax@1.0.0~webpack: Args: [ '-c', 'webpack -w' ]
12 silly lifecycle hax@1.0.0~webpack: Returned: code: 1  signal: null
13 info lifecycle hax@1.0.0~webpack: Failed to exec webpack script
14 verbose stack Error: hax@1.0.0 webpack: `webpack -w`
14 verbose stack Exit status 1
14 verbose stack     at EventEmitter.<anonymous> (/usr/local/lib/node_modules/npm/lib/utils/lifecycle.js:279:16)
14 verbose stack     at emitTwo (events.js:106:13)
14 verbose stack     at EventEmitter.emit (events.js:191:7)
14 verbose stack     at ChildProcess.<anonymous> (/usr/local/lib/node_modules/npm/lib/utils/spawn.js:40:14)
14 verbose stack     at emitTwo (events.js:106:13)
14 verbose stack     at ChildProcess.emit (events.js:191:7)
14 verbose stack     at maybeClose (internal/child_process.js:885:16)
14 verbose stack     at Process.ChildProcess._handle.onexit (internal/child_process.js:226:5)
15 verbose pkgid hax@1.0.0
16 verbose cwd /Users/jordanpina/codesmith/scratch-project/Hax
17 error Darwin 16.5.0
18 error argv "/usr/local/bin/node" "/usr/local/bin/npm" "run" "webpack"
19 error node v7.4.0
20 error npm  v4.0.5
21 error code ELIFECYCLE
22 error hax@1.0.0 webpack: `webpack -w`
22 error Exit status 1
23 error Failed at the hax@1.0.0 webpack script 'webpack -w'.
23 error Make sure you have the latest version of node.js and npm installed.
23 error If you do, this is most likely a problem with the hax package,
23 error not with npm itself.
23 error Tell the author that this fails on your system:
23 error     webpack -w
23 error You can get information on how to open an issue for this project with:
23 error     npm bugs hax
23 error Or if that isn't available, you can get their info via:
23 error     npm owner ls hax
23 error There is likely additional logging output above.
24 verbose exit [ 1, true ]
