Arguments: 
  /usr/local/bin/node /usr/local/bin/yarn add webpack-dev-server path

PATH: 
  /Users/jordanpina/.rvm/gems/ruby-2.2.4/bin:/Users/jordanpina/.rvm/gems/ruby-2.2.4@global/bin:/Users/jordanpina/.rvm/rubies/ruby-2.2.4/bin:/Users/jordanpina/.rbenv/shims:/Users/jordanpina/.rbenv/shims:/Users/jordanpina/.rbenv/shims:/Users/jordanpina/.rbenv/shims:/Users/jordanpina/.rbenv/shims:/Users/jordanpina/.rbenv/shims:/Users/jordanpina/.rbenv/shims:/Library/Frameworks/Python.framework/Versions/3.4/bin:/usr/local/bin:/usr/bin:/bin:/usr/sbin:/sbin:/opt/ImageMagick/bin:/Users/jordanpina/.rvm/bin

Yarn version: 
  0.24.5

Node version: 
  7.4.0

Platform: 
  darwin x64

npm manifest: 
  {
    "name": "hax",
    "version": "1.0.0",
    "description": "App that generates hack hr problems",
    "main": "server.js",
    "scripts": {
      "test": "",
      "start": "webpack-dev-server"
    },
    "author": "Mojo",
    "license": "ISC",
    "dependencies": {
      "codemirror": "^5.25.2",
      "cors": "^2.8.3",
      "express": "^4.15.3",
      "react-codemirror": "^1.0.0",
      "superagent": "^3.5.2",
      "body-parser": "^1.17.2",
      "deep-equal": "^1.0.1",
      "html-webpack-plugin": "^2.28.0",
      "webpack": "^2.5.1",
      "react": "^15.5.4",
      "react-dom": "^15.5.4",
      "webpack-dev-server": "^2.4.5"
  
    },
    "devDependencies": {
      "babel": "^6.23.0",
      "css-loader": "^0.28.1",
      "isomorphic-fetch": "^2.2.1",
      "less": "^2.7.2",
      "less-loader": "^4.0.3",
      "node-sass": "^4.5.2",
      "nodemon": "^1.11.0",
      "sass-loader": "^6.0.5",
      "style-loader": "^0.17.0",
      "nodemon": "^1.11.0",
      "babel-core": "^6.24.1",
      "babel-loader": "^7.0.0",
      "babel-preset-es2015": "^6.24.1",
      "babel-preset-react": "^6.24.1"
    }
  
  }

yarn manifest: 
  No manifest

Lockfile: 
  No lockfile

Trace: 
  Error: EACCES: permission denied, mkdir '/Users/jordanpina/codesmith/scratch-project/Hax/node_modules/compression/node_modules/bytes'
